2021-01-31 20:40:50,274 INFO [restartedMain] c.n.c.CommunityApplication [StartupInfoLogger.java:50] Starting CommunityApplication on LAPTOP-K53S95U9 with PID 2952 (C:\Users\YouyouSong\Desktop\nowCoder_project\project\community\target\classes started by YouyouSong in C:\Users\YouyouSong\Desktop\nowCoder_project\project\community)
2021-01-31 20:40:50,276 INFO [restartedMain] c.n.c.CommunityApplication [SpringApplication.java:675] No active profile set, falling back to default profiles: default
2021-01-31 20:40:50,873 INFO [restartedMain] o.s.b.w.e.t.TomcatWebServer [TomcatWebServer.java:90] Tomcat initialized with port(s): 8080 (http)
2021-01-31 20:40:50,874 INFO [restartedMain] o.a.c.c.StandardService [DirectJDKLog.java:173] Starting service [Tomcat]
2021-01-31 20:40:50,875 INFO [restartedMain] o.a.c.c.StandardEngine [DirectJDKLog.java:173] Starting Servlet engine: [Apache Tomcat/9.0.19]
2021-01-31 20:40:50,900 INFO [restartedMain] o.a.c.c.C.[.[.[/community] [DirectJDKLog.java:173] Initializing Spring embedded WebApplicationContext
2021-01-31 20:40:50,900 INFO [restartedMain] o.s.w.c.ContextLoader [ServletWebServerApplicationContext.java:296] Root WebApplicationContext: initialization completed in 622 ms
2021-01-31 20:40:51,015 INFO [main] c.n.c.LoggerTest [StartupInfoLogger.java:50] Starting LoggerTest on LAPTOP-K53S95U9 with PID 12616 (started by YouyouSong in C:\Users\YouyouSong\Desktop\nowCoder_project\project\community)
2021-01-31 20:40:51,017 INFO [main] c.n.c.LoggerTest [SpringApplication.java:675] No active profile set, falling back to default profiles: default
2021-01-31 20:40:51,029 INFO [restartedMain] o.s.s.c.ThreadPoolTaskExecutor [ExecutorConfigurationSupport.java:171] Initializing ExecutorService 'applicationTaskExecutor'
2021-01-31 20:40:51,076 INFO [restartedMain] o.s.b.a.w.s.WelcomePageHandlerMapping [WelcomePageHandlerMapping.java:61] Adding welcome page template: index
2021-01-31 20:40:51,129 INFO [restartedMain] o.s.b.d.a.OptionalLiveReloadServer [OptionalLiveReloadServer.java:57] LiveReload server is running on port 35729
2021-01-31 20:40:51,148 INFO [restartedMain] o.s.b.w.e.t.TomcatWebServer [TomcatWebServer.java:204] Tomcat started on port(s): 8080 (http) with context path '/community'
2021-01-31 20:40:51,149 INFO [restartedMain] c.n.c.CommunityApplication [StartupInfoLogger.java:59] Started CommunityApplication in 0.989 seconds (JVM running for 9325.231)
2021-01-31 20:40:51,154 INFO [restartedMain] o.s.b.d.a.ConditionEvaluationDeltaLoggingListener [ConditionEvaluationDeltaLoggingListener.java:70] Condition evaluation unchanged
2021-01-31 20:40:51,196 INFO [restartedMain] c.n.c.CommunityApplication [StartupInfoLogger.java:50] Starting CommunityApplication on LAPTOP-K53S95U9 with PID 11328 (C:\Users\YouyouSong\Desktop\nowCoder_project\project\community\target\classes started by YouyouSong in C:\Users\YouyouSong\Desktop\nowCoder_project\project\community)
2021-01-31 20:40:51,197 INFO [restartedMain] c.n.c.CommunityApplication [SpringApplication.java:675] No active profile set, falling back to default profiles: default
2021-01-31 20:40:51,804 INFO [restartedMain] o.s.b.w.e.t.TomcatWebServer [TomcatWebServer.java:90] Tomcat initialized with port(s): 8080 (http)
2021-01-31 20:40:51,805 INFO [restartedMain] o.a.c.c.StandardService [DirectJDKLog.java:173] Starting service [Tomcat]
2021-01-31 20:40:51,806 INFO [restartedMain] o.a.c.c.StandardEngine [DirectJDKLog.java:173] Starting Servlet engine: [Apache Tomcat/9.0.19]
2021-01-31 20:40:51,831 INFO [restartedMain] o.a.c.c.C.[.[.[/community] [DirectJDKLog.java:173] Initializing Spring embedded WebApplicationContext
2021-01-31 20:40:51,833 INFO [restartedMain] o.s.w.c.ContextLoader [ServletWebServerApplicationContext.java:296] Root WebApplicationContext: initialization completed in 633 ms
2021-01-31 20:40:51,960 INFO [restartedMain] o.s.s.c.ThreadPoolTaskExecutor [ExecutorConfigurationSupport.java:171] Initializing ExecutorService 'applicationTaskExecutor'
2021-01-31 20:40:52,001 INFO [restartedMain] o.s.b.a.w.s.WelcomePageHandlerMapping [WelcomePageHandlerMapping.java:61] Adding welcome page template: index
2021-01-31 20:40:52,072 INFO [restartedMain] o.a.c.c.StandardService [DirectJDKLog.java:173] Stopping service [Tomcat]
2021-01-31 20:40:52,076 INFO [restartedMain] o.s.b.a.l.ConditionEvaluationReportLoggingListener [ConditionEvaluationReportLoggingListener.java:142] 

Error starting ApplicationContext. To display the conditions report re-run your application with 'debug' enabled.
2021-01-31 20:40:52,079 INFO [restartedMain] o.s.s.c.ThreadPoolTaskExecutor [ExecutorConfigurationSupport.java:208] Shutting down ExecutorService 'applicationTaskExecutor'
2021-01-31 20:40:53,204 INFO [main] o.s.s.c.ThreadPoolTaskExecutor [ExecutorConfigurationSupport.java:171] Initializing ExecutorService 'applicationTaskExecutor'
2021-01-31 20:40:53,455 INFO [main] o.s.b.a.w.s.WelcomePageHandlerMapping [WelcomePageHandlerMapping.java:61] Adding welcome page template: index
2021-01-31 20:40:53,684 INFO [main] c.n.c.LoggerTest [StartupInfoLogger.java:59] Started LoggerTest in 3.239 seconds (JVM running for 4.07)
2021-01-31 20:40:53,849 INFO [main] c.n.c.LoggerTest [LoggerTest.java:24] info log
2021-01-31 20:40:53,857 INFO [Thread-3] o.s.s.c.ThreadPoolTaskExecutor [ExecutorConfigurationSupport.java:208] Shutting down ExecutorService 'applicationTaskExecutor'
2021-01-31 20:42:43,021 INFO [Thread-20] o.s.s.c.ThreadPoolTaskExecutor [ExecutorConfigurationSupport.java:208] Shutting down ExecutorService 'applicationTaskExecutor'
